This is XeTeX, Version 3.14159265-2.6-0.99998 (TeX Live 2017) (preloaded format=xelatex 2018.9.1)  30 SEP 2018 01:47
entering extended mode
 restricted \write18 enabled.
 %&-line parsing enabled.
**IMS_Report.tex
(./IMS_Report.tex
LaTeX2e <2017-04-15>
Babel <3.10> and hyphenation patterns for 84 language(s) loaded.
(/usr/local/texlive/2017/texmf-dist/tex/latex/base/report.cls
Document Class: report 2014/09/29 v1.4h Standard LaTeX document class
(/usr/local/texlive/2017/texmf-dist/tex/latex/base/size10.clo
File: size10.clo 2014/09/29 v1.4h Standard LaTeX file (size option)
)
\c@part=\count79
\c@chapter=\count80
\c@section=\count81
\c@subsection=\count82
\c@subsubsection=\count83
\c@paragraph=\count84
\c@subparagraph=\count85
\c@figure=\count86
\c@table=\count87
\abovecaptionskip=\skip41
\belowcaptionskip=\skip42
\bibindent=\dimen102
)
(/usr/local/texlive/2017/texmf-dist/tex/latex/xcolor/xcolor.sty
Package: xcolor 2016/05/11 v2.12 LaTeX color extensions (UK)

(/usr/local/texlive/2017/texmf-dist/tex/latex/graphics-cfg/color.cfg
File: color.cfg 2016/01/02 v1.6 sample color configuration
)
Package xcolor Info: Driver file: xetex.def on input line 225.

(/usr/local/texlive/2017/texmf-dist/tex/latex/graphics-def/xetex.def
File: xetex.def 2016/07/11 v4.10 LaTeX color/graphics driver for XeTeX (L3/RRM/
JK)
)
Package xcolor Info: Model `cmy' substituted by `cmy0' on input line 1348.
Package xcolor Info: Model `RGB' extended on input line 1364.
Package xcolor Info: Model `HTML' substituted by `rgb' on input line 1366.
Package xcolor Info: Model `Hsb' substituted by `hsb' on input line 1367.
Package xcolor Info: Model `tHsb' substituted by `hsb' on input line 1368.
Package xcolor Info: Model `HSB' substituted by `hsb' on input line 1369.
Package xcolor Info: Model `Gray' substituted by `gray' on input line 1370.
Package xcolor Info: Model `wave' substituted by `hsb' on input line 1371.
)
(/usr/local/texlive/2017/texmf-dist/tex/latex/graphics/graphicx.sty
Package: graphicx 2014/10/28 v1.0g Enhanced LaTeX Graphics (DPC,SPQR)

(/usr/local/texlive/2017/texmf-dist/tex/latex/graphics/keyval.sty
Package: keyval 2014/10/28 v1.15 key=value parser (DPC)
\KV@toks@=\toks14
)
(/usr/local/texlive/2017/texmf-dist/tex/latex/graphics/graphics.sty
Package: graphics 2017/04/14 v1.1b Standard LaTeX Graphics (DPC,SPQR)

(/usr/local/texlive/2017/texmf-dist/tex/latex/graphics/trig.sty
Package: trig 2016/01/03 v1.10 sin cos tan (DPC)
)
(/usr/local/texlive/2017/texmf-dist/tex/latex/graphics-cfg/graphics.cfg
File: graphics.cfg 2016/06/04 v1.11 sample graphics configuration
)
Package graphics Info: Driver file: xetex.def on input line 99.
)
\Gin@req@height=\dimen103
\Gin@req@width=\dimen104
)
(/usr/local/texlive/2017/texmf-dist/tex/latex/hyperref/hyperref.sty
Package: hyperref 2017/03/14 v6.85a Hypertext links for LaTeX

(/usr/local/texlive/2017/texmf-dist/tex/generic/oberdiek/hobsub-hyperref.sty
Package: hobsub-hyperref 2016/05/16 v1.14 Bundle oberdiek, subset hyperref (HO)


(/usr/local/texlive/2017/texmf-dist/tex/generic/oberdiek/hobsub-generic.sty
Package: hobsub-generic 2016/05/16 v1.14 Bundle oberdiek, subset generic (HO)
Package: hobsub 2016/05/16 v1.14 Construct package bundles (HO)
Package: infwarerr 2016/05/16 v1.4 Providing info/warning/error messages (HO)
Package: ltxcmds 2016/05/16 v1.23 LaTeX kernel commands for general use (HO)
Package: ifluatex 2016/05/16 v1.4 Provides the ifluatex switch (HO)
Package ifluatex Info: LuaTeX not detected.
Package: ifvtex 2016/05/16 v1.6 Detect VTeX and its facilities (HO)
Package ifvtex Info: VTeX not detected.
Package: intcalc 2016/05/16 v1.2 Expandable calculations with integers (HO)
Package: ifpdf 2017/03/15 v3.2 Provides the ifpdf switch
Package: etexcmds 2016/05/16 v1.6 Avoid name clashes with e-TeX commands (HO)
Package etexcmds Info: Could not find \expanded.
(etexcmds)             That can mean that you are not using pdfTeX 1.50 or
(etexcmds)             that some package has redefined \expanded.
(etexcmds)             In the latter case, load this package earlier.
Package: kvsetkeys 2016/05/16 v1.17 Key value parser (HO)
Package: kvdefinekeys 2016/05/16 v1.4 Define keys (HO)
Package: pdftexcmds 2017/03/19 v0.25 Utility functions of pdfTeX for LuaTeX (HO
)
Package pdftexcmds Info: LuaTeX not detected.
Package pdftexcmds Info: pdfTeX >= 1.30 not detected.
Package pdftexcmds Info: \pdf@primitive is available.
Package pdftexcmds Info: \pdf@ifprimitive is available.
Package pdftexcmds Info: \pdfdraftmode not found.
Package: pdfescape 2016/05/16 v1.14 Implements pdfTeX's escape features (HO)
Package: bigintcalc 2016/05/16 v1.4 Expandable calculations on big integers (HO
)
Package: bitset 2016/05/16 v1.2 Handle bit-vector datatype (HO)
Package: uniquecounter 2016/05/16 v1.3 Provide unlimited unique counter (HO)
)
Package hobsub Info: Skipping package `hobsub' (already loaded).
Package: letltxmacro 2016/05/16 v1.5 Let assignment for LaTeX macros (HO)
Package: hopatch 2016/05/16 v1.3 Wrapper for package hooks (HO)
Package: xcolor-patch 2016/05/16 xcolor patch
Package: atveryend 2016/05/16 v1.9 Hooks at the very end of document (HO)
Package atveryend Info: \enddocument detected (standard20110627).
Package: atbegshi 2016/06/09 v1.18 At begin shipout hook (HO)
Package: refcount 2016/05/16 v3.5 Data extraction from label references (HO)
Package: hycolor 2016/05/16 v1.8 Color options for hyperref/bookmark (HO)
)
(/usr/local/texlive/2017/texmf-dist/tex/generic/ifxetex/ifxetex.sty
Package: ifxetex 2010/09/12 v0.6 Provides ifxetex conditional
)
(/usr/local/texlive/2017/texmf-dist/tex/latex/oberdiek/auxhook.sty
Package: auxhook 2016/05/16 v1.4 Hooks for auxiliary files (HO)
)
(/usr/local/texlive/2017/texmf-dist/tex/latex/oberdiek/kvoptions.sty
Package: kvoptions 2016/05/16 v3.12 Key value format for package options (HO)
)
\@linkdim=\dimen105
\Hy@linkcounter=\count88
\Hy@pagecounter=\count89

(/usr/local/texlive/2017/texmf-dist/tex/latex/hyperref/pd1enc.def
File: pd1enc.def 2017/03/14 v6.85a Hyperref: PDFDocEncoding definition (HO)
)
\Hy@SavedSpaceFactor=\count90

(/usr/local/texlive/2017/texmf-dist/tex/latex/latexconfig/hyperref.cfg
File: hyperref.cfg 2002/06/06 v1.2 hyperref configuration of TeXLive
)
Package hyperref Info: Hyper figures OFF on input line 4498.
Package hyperref Info: Link nesting OFF on input line 4503.
Package hyperref Info: Hyper index ON on input line 4506.
Package hyperref Info: Plain pages OFF on input line 4513.
Package hyperref Info: Backreferencing OFF on input line 4518.
Package hyperref Info: Implicit mode ON; LaTeX internals redefined.
Package hyperref Info: Bookmarks ON on input line 4751.
\c@Hy@tempcnt=\count91

(/usr/local/texlive/2017/texmf-dist/tex/latex/url/url.sty
\Urlmuskip=\muskip10
Package: url 2013/09/16  ver 3.4  Verb mode for urls, etc.
)
LaTeX Info: Redefining \url on input line 5104.
\XeTeXLinkMargin=\dimen106
\Fld@menulength=\count92
\Field@Width=\dimen107
\Fld@charsize=\dimen108
Package hyperref Info: Hyper figures OFF on input line 6358.
Package hyperref Info: Link nesting OFF on input line 6363.
Package hyperref Info: Hyper index ON on input line 6366.
Package hyperref Info: backreferencing OFF on input line 6373.
Package hyperref Info: Link coloring OFF on input line 6378.
Package hyperref Info: Link coloring with OCG OFF on input line 6383.
Package hyperref Info: PDF/A mode OFF on input line 6388.
LaTeX Info: Redefining \ref on input line 6428.
LaTeX Info: Redefining \pageref on input line 6432.
\Hy@abspage=\count93
\c@Item=\count94
\c@Hfootnote=\count95
)

Package hyperref Message: Driver (autodetected): hxetex.

(/usr/local/texlive/2017/texmf-dist/tex/latex/hyperref/hxetex.def
File: hxetex.def 2017/03/14 v6.85a Hyperref driver for XeTeX

(/usr/local/texlive/2017/texmf-dist/tex/latex/hyperref/puenc.def
File: puenc.def 2017/03/14 v6.85a Hyperref: PDF Unicode definition (HO)
)
(/usr/local/texlive/2017/texmf-dist/tex/generic/oberdiek/stringenc.sty
Package: stringenc 2016/05/16 v1.11 Convert strings between diff. encodings (HO
)
)
\pdfm@box=\box26
\c@Hy@AnnotLevel=\count96
\HyField@AnnotCount=\count97
\Fld@listcount=\count98
\c@bookmark@seq@number=\count99

(/usr/local/texlive/2017/texmf-dist/tex/latex/oberdiek/rerunfilecheck.sty
Package: rerunfilecheck 2016/05/16 v1.8 Rerun checks for auxiliary files (HO)
Package rerunfilecheck Info: Feature \pdfmdfivesum is not available
(rerunfilecheck)             (e.g. pdfTeX or LuaTeX with package `pdftexcmds').

(rerunfilecheck)             Therefore file contents cannot be checked efficien
tly
(rerunfilecheck)             and the loading of the package is aborted.
)
\Hy@SectionHShift=\skip43
)
(/usr/local/texlive/2017/texmf-dist/tex/latex/setspace/setspace.sty
Package: setspace 2011/12/19 v6.7a set line spacing
)
(/usr/local/texlive/2017/texmf-dist/tex/latex/fancyhdr/fancyhdr.sty
Package: fancyhdr 2016/09/06 3.8 Extensive control of page headers and footers
\fancy@headwidth=\skip44
\f@ncyO@elh=\skip45
\f@ncyO@erh=\skip46
\f@ncyO@olh=\skip47
\f@ncyO@orh=\skip48
\f@ncyO@elf=\skip49
\f@ncyO@erf=\skip50
\f@ncyO@olf=\skip51
\f@ncyO@orf=\skip52
)
(/usr/local/texlive/2017/texmf-dist/tex/latex/appendix/appendix.sty
Package: appendix 2009/09/02 v1.2b extra appendix facilities
\c@@pps=\count100
\c@@ppsavesec=\count101
\c@@ppsaveapp=\count102
)
(/usr/local/texlive/2017/texmf-dist/tex/latex/geometry/geometry.sty
Package: geometry 2010/09/12 v5.6 Page Geometry
\Gm@cnth=\count103
\Gm@cntv=\count104
\c@Gm@tempcnt=\count105
\Gm@bindingoffset=\dimen109
\Gm@wd@mp=\dimen110
\Gm@odd@mp=\dimen111
\Gm@even@mp=\dimen112
\Gm@layoutwidth=\dimen113
\Gm@layoutheight=\dimen114
\Gm@layouthoffset=\dimen115
\Gm@layoutvoffset=\dimen116
\Gm@dimlist=\toks15
)
(/usr/local/texlive/2017/texmf-dist/tex/latex/float/float.sty
Package: float 2001/11/08 v1.3d Float enhancements (AL)
\c@float@type=\count106
\float@exts=\toks16
\float@box=\box27
\@float@everytoks=\toks17
\@floatcapt=\box28
)
(/usr/local/texlive/2017/texmf-dist/tex/xelatex/xepersian/xepersian.sty
Package: xepersian 2017/05/06 v18.6 Persian typesetting in XeLaTeX

(/usr/local/texlive/2017/texmf-dist/tex/latex/fontspec/fontspec.sty
(/usr/local/texlive/2017/texmf-dist/tex/latex/l3kernel/expl3.sty
Package: expl3 2017/05/13 L3 programming layer (loader) 

(/usr/local/texlive/2017/texmf-dist/tex/latex/l3kernel/expl3-code.tex
Package: expl3 2017/05/13 L3 programming layer (code)
\c_max_int=\count107
\l_tmpa_int=\count108
\l_tmpb_int=\count109
\g_tmpa_int=\count110
\g_tmpb_int=\count111
\g__prg_map_int=\count112
\c_log_iow=\count113
\l_iow_line_count_int=\count114
\l__iow_line_target_int=\count115
\l__iow_one_indent_int=\count116
\l__iow_indent_int=\count117
\c_zero_dim=\dimen117
\c_max_dim=\dimen118
\l_tmpa_dim=\dimen119
\l_tmpb_dim=\dimen120
\g_tmpa_dim=\dimen121
\g_tmpb_dim=\dimen122
\c_zero_skip=\skip53
\c_max_skip=\skip54
\l_tmpa_skip=\skip55
\l_tmpb_skip=\skip56
\g_tmpa_skip=\skip57
\g_tmpb_skip=\skip58
\c_zero_muskip=\muskip11
\c_max_muskip=\muskip12
\l_tmpa_muskip=\muskip13
\l_tmpb_muskip=\muskip14
\g_tmpa_muskip=\muskip15
\g_tmpb_muskip=\muskip16
\l_keys_choice_int=\count118
\c__fp_leading_shift_int=\count119
\c__fp_middle_shift_int=\count120
\c__fp_trailing_shift_int=\count121
\c__fp_big_leading_shift_int=\count122
\c__fp_big_middle_shift_int=\count123
\c__fp_big_trailing_shift_int=\count124
\c__fp_Bigg_leading_shift_int=\count125
\c__fp_Bigg_middle_shift_int=\count126
\c__fp_Bigg_trailing_shift_int=\count127
\l__sort_length_int=\count128
\l__sort_min_int=\count129
\l__sort_top_int=\count130
\l__sort_max_int=\count131
\l__sort_true_max_int=\count132
\l__sort_block_int=\count133
\l__sort_begin_int=\count134
\l__sort_end_int=\count135
\l__sort_A_int=\count136
\l__sort_B_int=\count137
\l__sort_C_int=\count138
\c_empty_box=\box29
\l_tmpa_box=\box30
\l_tmpb_box=\box31
\g_tmpa_box=\box32
\g_tmpb_box=\box33
\l__box_top_dim=\dimen123
\l__box_bottom_dim=\dimen124
\l__box_left_dim=\dimen125
\l__box_right_dim=\dimen126
\l__box_top_new_dim=\dimen127
\l__box_bottom_new_dim=\dimen128
\l__box_left_new_dim=\dimen129
\l__box_right_new_dim=\dimen130
\l__box_internal_box=\box34
\l__coffin_internal_box=\box35
\l__coffin_internal_dim=\dimen131
\l__coffin_offset_x_dim=\dimen132
\l__coffin_offset_y_dim=\dimen133
\l__coffin_x_dim=\dimen134
\l__coffin_y_dim=\dimen135
\l__coffin_x_prime_dim=\dimen136
\l__coffin_y_prime_dim=\dimen137
\c_empty_coffin=\box36
\l__coffin_aligned_coffin=\box37
\l__coffin_aligned_internal_coffin=\box38
\l_tmpa_coffin=\box39
\l_tmpb_coffin=\box40
\l__coffin_display_coffin=\box41
\l__coffin_display_coord_coffin=\box42
\l__coffin_display_pole_coffin=\box43
\l__coffin_display_offset_dim=\dimen138
\l__coffin_display_x_dim=\dimen139
\l__coffin_display_y_dim=\dimen140
\l__coffin_bounding_shift_dim=\dimen141
\l__coffin_left_corner_dim=\dimen142
\l__coffin_right_corner_dim=\dimen143
\l__coffin_bottom_corner_dim=\dimen144
\l__coffin_top_corner_dim=\dimen145
\l__coffin_scaled_total_height_dim=\dimen146
\l__coffin_scaled_width_dim=\dimen147
)
(/usr/local/texlive/2017/texmf-dist/tex/latex/l3kernel/l3xdvipdfmx.def
File: l3xdvidpfmx.def 2017/03/18 v L3 Experimental driver: xdvipdfmx
\l__driver_tmp_box=\box44
))
(/usr/local/texlive/2017/texmf-dist/tex/latex/l3packages/xparse/xparse.sty
Package: xparse 2017/05/13 L3 Experimental document command parser
\l__xparse_current_arg_int=\count139
\g__xparse_grabber_int=\count140
\l__xparse_m_args_int=\count141
\l__xparse_mandatory_args_int=\count142
\l__xparse_v_nesting_int=\count143
)
Package: fontspec 2017/03/31 v2.6a Font selection for XeLaTeX and LuaLaTeX

(/usr/local/texlive/2017/texmf-dist/tex/latex/fontspec/fontspec-xetex.sty
Package: fontspec-xetex 2017/03/31 v2.6a Font selection for XeLaTeX and LuaLaTe
X
\l__fontspec_script_int=\count144
\l__fontspec_language_int=\count145
\l__fontspec_strnum_int=\count146
\l__fontspec_tmp_int=\count147
\l__fontspec_em_int=\count148
\l__fontspec_emdef_int=\count149
\l__fontspec_strong_int=\count150
\l__fontspec_strongdef_int=\count151
\l__fontspec_tmpa_dim=\dimen148
\l__fontspec_tmpb_dim=\dimen149
\l__fontspec_tmpc_dim=\dimen150
\g__file_internal_ior=\read1

(/usr/local/texlive/2017/texmf-dist/tex/latex/base/fontenc.sty
Package: fontenc 2017/04/05 v2.0i Standard LaTeX package

(/usr/local/texlive/2017/texmf-dist/tex/latex/base/tuenc.def
File: tuenc.def 2017/04/05 v2.0i Standard LaTeX file
LaTeX Font Info:    Redeclaring font encoding TU on input line 82.
))
.................................................
. LaTeX info: "xparse/define-command"
. 
. Defining command \fontspec with sig. 'O{}mO{}' on line 472.
.................................................
.................................................
. LaTeX info: "xparse/define-command"
. 
. Defining command \setmainfont with sig. 'O{}mO{}' on line 483.
.................................................
.................................................
. LaTeX info: "xparse/define-command"
. 
. Defining command \setsansfont with sig. 'O{}mO{}' on line 503.
.................................................
.................................................
. LaTeX info: "xparse/define-command"
. 
. Defining command \setmonofont with sig. 'O{}mO{}' on line 523.
.................................................
.................................................
. LaTeX info: "xparse/define-command"
. 
. Defining command \setromanfont with sig. 'O{}mO{}' on line 543.
.................................................
.................................................
. LaTeX info: "xparse/define-command"
. 
. Defining command \setmathrm with sig. 'O{}mO{}' on line 547.
.................................................
.................................................
. LaTeX info: "xparse/define-command"
. 
. Defining command \setboldmathrm with sig. 'O{}mO{}' on line 555.
.................................................
.................................................
. LaTeX info: "xparse/define-command"
. 
. Defining command \setmathsf with sig. 'O{}mO{}' on line 563.
.................................................
.................................................
. LaTeX info: "xparse/define-command"
. 
. Defining command \setmathtt with sig. 'O{}mO{}' on line 571.
.................................................
.................................................
. LaTeX info: "xparse/define-command"
. 
. Defining command \newfontfamily with sig. 'mO{}mO{}' on line 586.
.................................................
.................................................
. LaTeX info: "xparse/define-command"
. 
. Defining command \newfontface with sig. 'mO{}mO{}' on line 603.
.................................................
.................................................
. LaTeX info: "xparse/define-command"
. 
. Defining command \defaultfontfeatures with sig. 't+om' on line 614.
.................................................
.................................................
. LaTeX info: "xparse/define-command"
. 
. Defining command \addfontfeatures with sig. 'm' on line 645.
.................................................
.................................................
. LaTeX info: "xparse/define-command"
. 
. Defining command \newfontfeature with sig. 'mm' on line 672.
.................................................
.................................................
. LaTeX info: "xparse/define-command"
. 
. Defining command \newAATfeature with sig. 'mmmm' on line 686.
.................................................
.................................................
. LaTeX info: "xparse/define-command"
. 
. Defining command \newopentypefeature with sig. 'mmm' on line 700.
.................................................
.................................................
. LaTeX info: "xparse/define-command"
. 
. Defining command \newICUfeature with sig. 'mmm' on line 720.
.................................................
.................................................
. LaTeX info: "xparse/define-command"
. 
. Defining command \aliasfontfeature with sig. 'mm' on line 724.
.................................................
.................................................
. LaTeX info: "xparse/define-command"
. 
. Defining command \aliasfontfeatureoption with sig. 'mmm' on line 745.
.................................................
.................................................
. LaTeX info: "xparse/define-command"
. 
. Defining command \newfontscript with sig. 'mm' on line 778.
.................................................
.................................................
. LaTeX info: "xparse/define-command"
. 
. Defining command \newfontlanguage with sig. 'mm' on line 782.
.................................................
.................................................
. LaTeX info: "xparse/define-command"
. 
. Defining command \DeclareFontsExtensions with sig. 'm' on line 786.
.................................................
.................................................
. LaTeX info: "xparse/define-command"
. 
. Defining command \IfFontFeatureActiveTF with sig. 'mmm' on line 797.
.................................................
.................................................
. LaTeX info: "xparse/define-command"
. 
. Defining command \EncodingCommand with sig. 'mO{}m' on line 3438.
.................................................
.................................................
. LaTeX info: "xparse/define-command"
. 
. Defining command \EncodingAccent with sig. 'mm' on line 3444.
.................................................
.................................................
. LaTeX info: "xparse/define-command"
. 
. Defining command \EncodingSymbol with sig. 'mm' on line 3450.
.................................................
.................................................
. LaTeX info: "xparse/define-command"
. 
. Defining command \EncodingComposite with sig. 'mmm' on line 3456.
.................................................
.................................................
. LaTeX info: "xparse/define-command"
. 
. Defining command \EncodingCompositeCommand with sig. 'mmm' on line 3462.
.................................................
.................................................
. LaTeX info: "xparse/define-command"
. 
. Defining command \DeclareUnicodeEncoding with sig. 'mm' on line 3487.
.................................................
.................................................
. LaTeX info: "xparse/define-command"
. 
. Defining command \UndeclareSymbol with sig. 'm' on line 3493.
.................................................
.................................................
. LaTeX info: "xparse/define-command"
. 
. Defining command \UndeclareComposite with sig. 'mm' on line 3501.
.................................................

(/usr/local/texlive/2017/texmf-dist/tex/latex/fontspec/fontspec.cfg)
LaTeX Info: Redefining \itshape on input line 3686.
LaTeX Info: Redefining \slshape on input line 3691.
LaTeX Info: Redefining \scshape on input line 3696.
LaTeX Info: Redefining \upshape on input line 3701.
LaTeX Info: Redefining \em on input line 3731.
LaTeX Info: Redefining \emph on input line 3756.
LaTeX Info: Redefining \- on input line 3807.
.................................................
. LaTeX info: "xparse/redefine-command"
. 
. Redefining command \oldstylenums with sig. 'm' on line 3902.
.................................................
.................................................
. LaTeX info: "xparse/define-command"
. 
. Defining command \liningnums with sig. 'm' on line 3906.
.................................................
))
(/usr/local/texlive/2017/texmf-dist/tex/xelatex/xepersian/xepersian-persiancal.
sty
Package: xepersian-persiancal 2012/07/25 v0.2 provides Persian calendar
\XePersian@i=\count152
\XePersian@y=\count153
\XePersian@m=\count154
\XePersian@d=\count155
\XePersian@latini=\count156
\XePersian@persiani=\count157
\XePersian@latinii=\count158
\XePersian@persianii=\count159
\XePersian@latiniii=\count160
\XePersian@persianiii=\count161
\XePersian@latiniv=\count162
\XePersian@persianiv=\count163
\XePersian@latinv=\count164
\XePersian@persianv=\count165
\XePersian@latinvi=\count166
\XePersian@persianvi=\count167
\XePersian@latinvii=\count168
\XePersian@persianvii=\count169
\XePersian@latinviii=\count170
\XePersian@persianviii=\count171
\XePersian@latinix=\count172
\XePersian@persianix=\count173
\XePersian@latinx=\count174
\XePersian@persianx=\count175
\XePersian@latinxi=\count176
\XePersian@persianxi=\count177
\XePersian@latinxii=\count178
\XePersian@persianxii=\count179
\XePersian@persianxiii=\count180
\XePersian@temp=\count181
\XePersian@temptwo=\count182
\XePersian@tempthree=\count183
\XePersian@yModHundred=\count184
\XePersian@thirtytwo=\count185
\XePersian@dn=\count186
\XePersian@sn=\count187
\XePersian@mminusone=\count188
)
(/usr/local/texlive/2017/texmf-dist/tex/xelatex/xepersian/xepersian-mathsdigits
pec.sty
Package: xepersian-mathsdigitspec 2016/05/03 v1.1.2 Unicode Persian maths digit
s in XeLaTeX
.................................................
. LaTeX info: "xparse/define-command"
. 
. Defining command \new@mathbf with sig. 'm' on line 132.
.................................................
.................................................
. LaTeX info: "xparse/define-command"
. 
. Defining command \new@mathit with sig. 'm' on line 140.
.................................................
.................................................
. LaTeX info: "xparse/define-command"
. 
. Defining command \new@mathrm with sig. 'm' on line 148.
.................................................
.................................................
. LaTeX info: "xparse/define-command"
. 
. Defining command \new@mathsf with sig. 'm' on line 156.
.................................................
.................................................
. LaTeX info: "xparse/define-command"
. 
. Defining command \new@mathtt with sig. 'm' on line 164.
.................................................
.................................................
. LaTeX info: "xparse/define-command"
. 
. Defining command \setdigitfont with sig. 'O{}mO{}' on line 190.
.................................................
.................................................
. LaTeX info: "xparse/define-command"
. 
. Defining command \setmathsfdigitfont with sig. 'O{}mO{}' on line 197.
.................................................
.................................................
. LaTeX info: "xparse/define-command"
. 
. Defining command \setmathttdigitfont with sig. 'O{}mO{}' on line 204.
.................................................
) (/usr/local/texlive/2017/texmf-dist/tex/xelatex/bidi/bidi.sty
Package: bidi 2017/05/19 v30.6 Bidirectional typesetting in plain TeX and LaTeX


****************************************************
* 
* bidi package (Bidirectional typesetting in
* plain TeX and LaTeX, using XeTeX engine)
* 
* Description: A convenient interface for
* typesetting bidirectional texts in plain TeX
* and LaTeX. The package includes adaptations
* for use with many other commonly-used packages.
* 
* Copyright (c) 2009--2017 Vafa Khalighi
* 
* 2017/05/19, v30.6
* 
* License: LaTeX Project Public License, version
* 1.3c or higher (your choice)
* 
* Location on CTAN: /macros/xetex/latex/bidi
* 
* Issue tracker: https://github.com/tex-xet/bidi/issues
* 
* Support: persian-tex@tug.org
* 
* Instagram: https://www.instagram.com/persiantex
* 
****************************************************
(/usr/local/texlive/2017/texmf-dist/tex/generic/iftex/iftex.sty
Package: iftex 2013/04/04 v0.2 Provides if(tex) conditional for PDFTeX, XeTeX, 
and LuaTeX
)
(/usr/local/texlive/2017/texmf-dist/tex/xelatex/bidi/biditools.sty
Package: biditools 2016/11/30 v0.9 Programming tools for bidi package
\@bidi@envbody=\toks18
\@bidi@emptytoks=\toks19
)
(/usr/local/texlive/2017/texmf-dist/tex/latex/oberdiek/zref-abspage.sty
Package: zref-abspage 2016/05/21 v2.26 Module abspage for zref (HO)

(/usr/local/texlive/2017/texmf-dist/tex/latex/oberdiek/zref-base.sty
Package: zref-base 2016/05/21 v2.26 Module base for zref (HO)
Package zref Info: New property list: main on input line 759.
Package zref Info: New property: default on input line 760.
Package zref Info: New property: page on input line 761.
)
\c@abspage=\count189
Package zref Info: New property: abspage on input line 62.
)
(/usr/local/texlive/2017/texmf-dist/tex/latex/xkeyval/xkeyval.sty
Package: xkeyval 2014/12/03 v2.7a package option processing (HA)

(/usr/local/texlive/2017/texmf-dist/tex/generic/xkeyval/xkeyval.tex
(/usr/local/texlive/2017/texmf-dist/tex/generic/xkeyval/xkvutils.tex
\XKV@toks=\toks20
\XKV@tempa@toks=\toks21
)
\XKV@depth=\count190
File: xkeyval.tex 2014/12/03 v2.7a key=value parser (HA)
))
(/usr/local/texlive/2017/texmf-dist/tex/xelatex/bidi/latex-xetex-bidi.def
File: latex-xetex-bidi.def 2017/05/06 v1.2.9 bidi adaptations for `latex.ltx' f
or XeTeX engine
\bidi@n@everypar=\toks22
\bidi@column@check@number=\count191

(/usr/local/texlive/2017/texmf-dist/tex/xelatex/bidi/footnote-xetex-bidi.def
File: footnote-xetex-bidi.def 2016/09/09 v1.0 bidi footnote macros for XeTeX en
gine
\c@footdir@label=\count192
\footdir@toks=\toks23
)
(/usr/local/texlive/2017/texmf-dist/tex/xelatex/bidi/report-xetex-bidi.def
File: report-xetex-bidi.def 2015/11/14 v0.7 bidi adaptations for standard repor
t class for XeTeX engine
)
(/usr/local/texlive/2017/texmf-dist/tex/xelatex/bidi/color-xetex-bidi.def
File: color-xetex-bidi.def 2013/04/08 v0.2 bidi adaptations for color package f
or XeTeX engine
LaTeX Info: Redefining \color on input line 46.
)
(/usr/local/texlive/2017/texmf-dist/tex/xelatex/bidi/xcolor-xetex-bidi.def
File: xcolor-xetex-bidi.def 2013/04/08 v0.2 bidi adaptations for xcolor package
 for XeTeX engine
LaTeX Info: Redefining \color on input line 45.
LaTeX Info: Redefining \bidicolor on input line 88.
)
(/usr/local/texlive/2017/texmf-dist/tex/xelatex/bidi/float-xetex-bidi.def
File: float-xetex-bidi.def 2013/04/04 v0.2 bidi adaptations for float package f
or XeTeX engine
)
(/usr/local/texlive/2017/texmf-dist/tex/xelatex/bidi/graphicx-xetex-bidi.def
File: graphicx-xetex-bidi.def 2012/01/01 v0.4 bidi adaptations for graphicx pac
kage for XeTeX engine
)
(/usr/local/texlive/2017/texmf-dist/tex/xelatex/bidi/geometry-xetex-bidi.def
File: geometry-xetex-bidi.def 2017/01/14 v0.2 bidi adaptations for geometry pac
kage for XeTeX engine
)
(/usr/local/texlive/2017/texmf-dist/tex/xelatex/bidi/hyperref-xetex-bidi.def
File: hyperref-xetex-bidi.def 2015/11/26 v0.9 bidi adaptations for hyperref pac
kage for XeTeX engine
)
(/usr/local/texlive/2017/texmf-dist/tex/xelatex/bidi/fancyhdr-xetex-bidi.def
File: fancyhdr-xetex-bidi.def 2016/11/30 v0.6 bidi adaptations for fancyhdr pac
kage for XeTeX engine
))
(/usr/local/texlive/2017/texmf-dist/tex/xelatex/bidi/loadingorder-xetex-bidi.de
f
File: loadingorder-xetex-bidi.def 2015/10/16 v0.96 making sure that bidi is the
 last package loaded
)
\bidi@digits=\count193
\bidi@digits@charclass=\XeTeXcharclass1
\bidi@dot@charclass=\XeTeXcharclass2
\bidi@dash@charclass=\XeTeXcharclass3
)
****************************************************
* 
* xepersian package (Persian for LaTeX, using XeTeX engine)
* 
* Description: The package supports Persian
* typesetting, using fonts provided in the
* distribution.
* 
* Copyright (c) 2008--2017 Vafa Khalighi
* 
* v18.6, 2017/05/06
* 
* License: LaTeX Project Public License, version
* 1.3c or higher (your choice)
* 
* Location on CTAN: /macros/xetex/latex/xepersian
* 
* Issue tracker: https://github.com/tex-xet/xepersian/issues
* 
* Support: persian-tex@tug.org
* 
* Instagram: https://www.instagram.com/persiantex
****************************************************
.................................................
. LaTeX info: "xparse/define-command"
. 
. Defining command \settextfont with sig. 'O{}mO{}' on line 137.
.................................................
.................................................
. LaTeX info: "xparse/define-command"
. 
. Defining command \setlatintextfont with sig. 'O{}mO{}' on line 153.
.................................................
.................................................
. LaTeX info: "xparse/define-command"
. 
. Defining command \defpersianfont with sig. 'mO{}mO{}' on line 170.
.................................................
.................................................
. LaTeX info: "xparse/define-command"
. 
. Defining command \deflatinfont with sig. 'mO{}mO{}' on line 184.
.................................................
.................................................
. LaTeX info: "xparse/define-command"
. 
. Defining command \setpersiansansfont with sig. 'O{}mO{}' on line 232.
.................................................
.................................................
. LaTeX info: "xparse/define-command"
. 
. Defining command \setpersianmonofont with sig. 'O{}mO{}' on line 249.
.................................................
.................................................
. LaTeX info: "xparse/define-command"
. 
. Defining command \setnavarfont with sig. 'O{}mO{}' on line 266.
.................................................
.................................................
. LaTeX info: "xparse/define-command"
. 
. Defining command \setpookfont with sig. 'O{}mO{}' on line 283.
.................................................
.................................................
. LaTeX info: "xparse/define-command"
. 
. Defining command \setsayehfont with sig. 'O{}mO{}' on line 300.
.................................................
.................................................
. LaTeX info: "xparse/define-command"
. 
. Defining command \setiranicfont with sig. 'O{}mO{}' on line 317.
.................................................
\xepersian@tcl=\count194
\xepersian@ilg=\dimen151
\xepersian@strutilg=\dimen152

(/usr/local/texlive/2017/texmf-dist/tex/xelatex/xepersian/loadingorder-xepersia
n.def
File: loadingorder-xepersian.def 2012/01/01 v0.3 making sure that xepersian is 
the last package loaded
)
(/usr/local/texlive/2017/texmf-dist/tex/xelatex/xepersian/footnote-xepersian.de
f
File: footnote-xepersian.def 2017/02/04 v0.5 footnote macros for xepersian pack
age
)
(/usr/local/texlive/2017/texmf-dist/tex/xelatex/xepersian/appendix-xepersian.de
f
File: appendix-xepersian.def 2015/02/01 v0.1 adaptations for appendix package
)
(/usr/local/texlive/2017/texmf-dist/tex/xelatex/xepersian/hyperref-xepersian.de
f
File: hyperref-xepersian.def 2015/02/02 v0.6 bilingual captions for hyperref pa
ckage
)
(/usr/local/texlive/2017/texmf-dist/tex/xelatex/xepersian/report-xepersian.def
File: report-xepersian.def 2010/07/25 v0.2 adaptations for standard report clas
s
)
\g__fontspec_family_lmroman10-regular_int=\count195
.................................................
. fontspec info: "defining-font"
. 
. Font family 'lmroman10-regular(0)' created for font 'lmroman10-regular' with
. options
. [Mapping=tex-text,ExternalLocation,BoldFont={lmroman10-bold},BoldItalicFont={
lmroman10-bolditalic},ItalicFont={lmroman10-italic},SmallCapsFont={lmromancaps1
0-regular},SlantedFont={lmromanslant10-regular},BoldSlantedFont={lmromanslant10
-bold}].
.  
.  This font family consists of the following NFSS series/shapes:
.  
. - 'normal' (m/n) with NFSS spec.:
. <->"[lmroman10-regular]/OT:script=latn;language=DFLT;mapping=tex-text;"
. - 'small caps'  (m/sc) with NFSS spec.:
. <->"[lmromancaps10-regular]/OT:script=latn;language=DFLT;mapping=tex-text;"
. - 'bold' (bx/n) with NFSS spec.:
. <->"[lmroman10-bold]/OT:script=latn;language=DFLT;mapping=tex-text;"
. - 'bold small caps'  (bx/sc) with NFSS spec.:
. <->"[lmromancaps10-regular]/OT:script=latn;language=DFLT;mapping=tex-text;"
. - 'italic' (m/it) with NFSS spec.:
. <->"[lmroman10-italic]/OT:script=latn;language=DFLT;mapping=tex-text;"
. - 'italic small caps'  (m/itsc) with NFSS spec.:
. <->"[lmromancaps10-regular]/OT:script=latn;language=DFLT;mapping=tex-text;"
. - 'slanted' (m/sl) with NFSS spec.:
. <->"[lmromanslant10-regular]/OT:script=latn;language=DFLT;mapping=tex-text;"
. - 'slanted small caps'  (m/slsc) with NFSS spec.:
. <->"[lmromancaps10-regular]/OT:script=latn;language=DFLT;mapping=tex-text;"
. - 'bold italic' (bx/it) with NFSS spec.:
. <->"[lmroman10-bolditalic]/OT:script=latn;language=DFLT;mapping=tex-text;"
. - 'bold italic small caps'  (bx/itsc) with NFSS spec.:
. <->"[lmromancaps10-regular]/OT:script=latn;language=DFLT;mapping=tex-text;"
. - 'bold slanted' (bx/sl) with NFSS spec.:
. <->"[lmromanslant10-bold]/OT:script=latn;language=DFLT;mapping=tex-text;"
. - 'bold slanted small caps'  (bx/slsc) with NFSS spec.:
. <->"[lmromancaps10-regular]/OT:script=latn;language=DFLT;mapping=tex-text;"
.................................................
)
\g__fontspec_family_XBZar_int=\count196
.................................................
. fontspec info: "defining-font"
. 
. Font family 'XBZar(0)' created for font 'XB Zar' with options
. [Script=Parsi,Language=Parsi,Mapping=parsidigits,Scale =1].
.  
.  This font family consists of the following NFSS series/shapes:
.  
. - 'normal' (m/n) with NFSS spec.: <->s*[1]"XB
. Zar/OT:script=arab;language=FAR;mapping=parsidigits;"
. - 'small caps'  (m/sc) with NFSS spec.: 
. - 'bold' (bx/n) with NFSS spec.: <->s*[1]"XB
. Zar/B/OT:script=arab;language=FAR;mapping=parsidigits;"
. - 'bold small caps'  (bx/sc) with NFSS spec.: 
. - 'italic' (m/it) with NFSS spec.: <->s*[1]"XB
. Zar/I/OT:script=arab;language=FAR;mapping=parsidigits;"
. - 'italic small caps'  (m/itsc) with NFSS spec.: 
. - 'bold italic' (bx/it) with NFSS spec.: <->s*[1]"XB
. Zar/BI/OT:script=arab;language=FAR;mapping=parsidigits;"
. - 'bold italic small caps'  (bx/itsc) with NFSS spec.: 
.................................................
LaTeX Font Info:    Font shape `TU/XBZar(0)/m/n' will be
(Font)              scaled to size 10.0pt on input line 24.
.................................................
. fontspec info: "no-scripts"
. 
. Font "Times New Roman" does not contain any OpenType `Script' information.
.................................................
\g__fontspec_family_TimesNewRoman_int=\count197
.................................................
. fontspec info: "defining-font"
. 
. Font family 'TimesNewRoman(0)' created for font 'Times New Roman' with
. options [Mapping=tex-text,Scale=1].
.  
.  This font family consists of the following NFSS series/shapes:
.  
. - 'normal' (m/n) with NFSS spec.: <->s*[1]"Times New
. Roman/OT:mapping=tex-text;"
. - 'small caps'  (m/sc) with NFSS spec.: 
. - 'bold' (bx/n) with NFSS spec.: <->s*[1]"Times New
. Roman/B/OT:mapping=tex-text;"
. - 'bold small caps'  (bx/sc) with NFSS spec.: 
. - 'italic' (m/it) with NFSS spec.: <->s*[1]"Times New
. Roman/I/OT:mapping=tex-text;"
. - 'italic small caps'  (m/itsc) with NFSS spec.: 
. - 'bold italic' (bx/it) with NFSS spec.: <->s*[1]"Times New
. Roman/BI/OT:mapping=tex-text;"
. - 'bold italic small caps'  (bx/itsc) with NFSS spec.: 
.................................................
LaTeX Info: Redefining \latinfont on input line 25.
.................................................
. fontspec info: "no-scripts"
. 
. Font "Times New Roman" does not contain any OpenType `Script' information.
.................................................
.................................................
. fontspec info: "defining-font"
. 
. Font family 'TimesNewRoman(1)' created for font 'Times New Roman' with
. options [Mapping=parsidigits].
.  
.  This font family consists of the following NFSS series/shapes:
.  
. - 'normal' (m/n) with NFSS spec.: <->"Times New
. Roman/OT:mapping=parsidigits;"
. - 'small caps'  (m/sc) with NFSS spec.: 
. - 'bold' (bx/n) with NFSS spec.: <->"Times New
. Roman/B/OT:mapping=parsidigits;"
. - 'bold small caps'  (bx/sc) with NFSS spec.: 
. - 'italic' (m/it) with NFSS spec.: <->"Times New
. Roman/I/OT:mapping=parsidigits;"
. - 'italic small caps'  (m/itsc) with NFSS spec.: 
. - 'bold italic' (bx/it) with NFSS spec.: <->"Times New
. Roman/BI/OT:mapping=parsidigits;"
. - 'bold italic small caps'  (bx/itsc) with NFSS spec.: 
.................................................
Package xepersian-mathsdigitspec Info: DefiningthedefaultPersianmathsdigitsfont
as'Times New Roman' on input line 26.
\symOPERATORS=\mathgroup4
\symnew@mathbf@font@digits=\mathgroup5
\symnew@mathit@font@digits=\mathgroup6
\symnew@mathrm@font@digits=\mathgroup7
 (./jeld_info.tex)

LaTeX Warning: Unused global option(s):
    [13pt].

(./IMS_Report.aux (./cover_fa.aux) (./abstract_fa.aux) (./chap1.aux)
(./chap2.aux) (./chap3.aux) (./chap4.aux) (./chap5.aux) (./chap6.aux)
(./chap7.aux) (./chap8.aux) (./chap9.aux) (./peyvast1.aux) (./peyvast2.aux)
(./peyvast3.aux) (./references.aux))
\openout1 = `IMS_Report.aux'.

LaTeX Font Info:    Checking defaults for OML/cmm/m/it on input line 33.
LaTeX Font Info:    ... okay on input line 33.
LaTeX Font Info:    Checking defaults for T1/cmr/m/n on input line 33.
LaTeX Font Info:    ... okay on input line 33.
LaTeX Font Info:    Checking defaults for OT1/cmr/m/n on input line 33.
LaTeX Font Info:    ... okay on input line 33.
LaTeX Font Info:    Checking defaults for OMS/cmsy/m/n on input line 33.
LaTeX Font Info:    ... okay on input line 33.
LaTeX Font Info:    Checking defaults for TU/lmr/m/n on input line 33.
LaTeX Font Info:    ... okay on input line 33.
LaTeX Font Info:    Checking defaults for OMX/cmex/m/n on input line 33.
LaTeX Font Info:    ... okay on input line 33.
LaTeX Font Info:    Checking defaults for U/cmr/m/n on input line 33.
LaTeX Font Info:    ... okay on input line 33.
LaTeX Font Info:    Checking defaults for PD1/pdf/m/n on input line 33.
LaTeX Font Info:    ... okay on input line 33.
LaTeX Font Info:    Checking defaults for PU/pdf/m/n on input line 33.
LaTeX Font Info:    ... okay on input line 33.
\AtBeginShipoutBox=\box45
Package hyperref Info: Link coloring OFF on input line 33.

(/usr/local/texlive/2017/texmf-dist/tex/latex/hyperref/nameref.sty
Package: nameref 2016/05/21 v2.44 Cross-referencing by name of section

(/usr/local/texlive/2017/texmf-dist/tex/generic/oberdiek/gettitlestring.sty
Package: gettitlestring 2016/05/16 v1.5 Cleanup title references (HO)
)
\c@section@level=\count198
)
LaTeX Info: Redefining \ref on input line 33.
LaTeX Info: Redefining \pageref on input line 33.
LaTeX Info: Redefining \nameref on input line 33.

(./IMS_Report.out) (./IMS_Report.out)
\@outlinefile=\write3
\openout3 = `IMS_Report.out'.


*geometry* driver: auto-detecting
*geometry* detected driver: xetex
*geometry* verbose mode - [ preamble ] result:
* driver: xetex
* paper: a4paper
* layout: <same size as paper>
* layoutoffset:(h,v)=(0.0pt,0.0pt)
* modes: 
* h-part:(L,W,R)=(71.13188pt, 441.01773pt, 85.35826pt)
* v-part:(T,H,B)=(85.35826pt, 688.5567pt, 71.13188pt)
* \paperwidth=597.50787pt
* \paperheight=845.04684pt
* \textwidth=441.01773pt
* \textheight=688.5567pt
* \oddsidemargin=-1.1381pt
* \evensidemargin=-1.1381pt
* \topmargin=-23.91173pt
* \headheight=12.0pt
* \headsep=25.0pt
* \topskip=10.0pt
* \footskip=30.0pt
* \marginparwidth=57.0pt
* \marginparsep=11.0pt
* \columnsep=10.0pt
* \skip\footins=9.0pt plus 4.0pt minus 2.0pt
* \hoffset=0.0pt
* \voffset=0.0pt
* \mag=1000
* \@twocolumnfalse
* \@twosidefalse
* \@mparswitchfalse
* \@reversemarginfalse
* (1in=72.27pt=25.4mm, 1cm=28.453pt)

\openout2 = `cover_fa.aux'.

(./cover_fa.tex
File: images/logo.png Graphic file (type QTm)
 <use  "images/logo.png" >
LaTeX Font Info:    Font shape `TU/XBZar(0)/m/n' will be
(Font)              scaled to size 14.4pt on input line 4.
LaTeX Font Info:    Font shape `TU/XBZar(0)/m/n' will be
(Font)              scaled to size 12.0pt on input line 11.
LaTeX Font Info:    Font shape `TU/XBZar(0)/bx/n' will be
(Font)              scaled to size 12.0pt on input line 13.
LaTeX Font Info:    Font shape `TU/XBZar(0)/bx/n' will be
(Font)              scaled to size 20.74pt on input line 13.

(/usr/local/texlive/2017/texmf-dist/tex/generic/oberdiek/se-ascii-print.def
File: se-ascii-print.def 2016/05/16 v1.11 stringenc: Printable ASCII characters

)
[1


]
LaTeX Font Info:    Font shape `TU/XBZar(0)/bx/n' will be
(Font)              scaled to size 10.0pt on input line 26.

Underfull \hbox (badness 10000) in paragraph at lines 26--27
[][]
 []

) [2]
\openout2 = `abstract_fa.aux'.

 (./abstract_fa.tex
LaTeX Font Info:    Font shape `TU/TimesNewRoman(0)/m/n' will be
(Font)              scaled to size 12.0pt on input line 6.

Overfull \hbox (2.1289pt too wide) in paragraph at lines 2--7
[] [][]
 []


Underfull \hbox (badness 10000) in paragraph at lines 2--7
[][]
 []

LaTeX Font Info:    Font shape `TU/XBZar(0)/m/it' will be
(Font)              scaled to size 12.0pt on input line 10.
LaTeX Font Info:    Font shape `TU/TimesNewRoman(0)/m/it' will be
(Font)              scaled to size 12.0pt on input line 10.
) [3


]
LaTeX Font Info:    Font shape `TU/XBZar(0)/m/n' will be
(Font)              scaled to size 24.88pt on input line 38.
LaTeX Font Info:    Font shape `TU/XBZar(0)/bx/n' will be
(Font)              scaled to size 24.88pt on input line 38.
 (./IMS_Report.toc
LaTeX Font Info:    External font `cmex10' loaded for size
(Font)              <12> on input line 2.
LaTeX Font Info:    External font `cmex10' loaded for size
(Font)              <8> on input line 2.
LaTeX Font Info:    External font `cmex10' loaded for size
(Font)              <6> on input line 2.
LaTeX Font Info:    Font shape `TU/TimesNewRoman(0)/bx/n' will be
(Font)              scaled to size 12.0pt on input line 10.
 [1


])
\tf@toc=\write4
\openout4 = `IMS_Report.toc'.

LaTeX Font Info:    Font shape `TU/XBZar(0)/m/sl' in size <10> not available
(Font)              Font shape `TU/XBZar(0)/m/it' tried instead on input line 3
9.
LaTeX Font Info:    Font shape `TU/XBZar(0)/m/it' will be
(Font)              scaled to size 10.0pt on input line 39.
 [2] (./IMS_Report.lof [3

])
\tf@lof=\write5
\openout5 = `IMS_Report.lof'.

 [4]
\openout2 = `chap1.aux'.

 (./chap1.tex
فصل 1.
LaTeX Font Info:    Font shape `TU/XBZar(0)/m/n' will be
(Font)              scaled to size 20.74pt on input line 1.
.................................................
. fontspec info: "no-scripts"
. 
. Font "Times New Roman" does not contain any OpenType `Script' information.
.................................................
.................................................
. fontspec info: "defining-font"
. 
. Font family 'TimesNewRoman(2)' created for font 'Times New Roman' with
. options [Mapping=tex-text].
.  
.  This font family consists of the following NFSS series/shapes:
.  
. - 'normal' (m/n) with NFSS spec.: <->"Times New Roman/OT:mapping=tex-text;"
. - 'small caps'  (m/sc) with NFSS spec.: 
. - 'bold' (bx/n) with NFSS spec.: <->"Times New Roman/B/OT:mapping=tex-text;"
. - 'bold small caps'  (bx/sc) with NFSS spec.: 
. - 'italic' (m/it) with NFSS spec.: <->"Times New
. Roman/I/OT:mapping=tex-text;"
. - 'italic small caps'  (m/itsc) with NFSS spec.: 
. - 'bold italic' (bx/it) with NFSS spec.: <->"Times New
. Roman/BI/OT:mapping=tex-text;"
. - 'bold italic small caps'  (bx/itsc) with NFSS spec.: 
.................................................
LaTeX Info: Redefining \latinfont on input line 6.
LaTeX Font Info:    Font shape `TU/XBZar(0)/bx/n' will be
(Font)              scaled to size 14.4pt on input line 7.
File: images/1g.jpg Graphic file (type QTm)
<use  "images/1g.jpg" >
LaTeX Font Info:    Font shape `TU/XBZar(0)/m/n' will be
(Font)              scaled to size 8.0pt on input line 20.
LaTeX Font Info:    External font `cmex10' loaded for size
(Font)              <5> on input line 20.
LaTeX Font Info:    Font shape `TU/XBZar(0)/m/n' will be
(Font)              scaled to size 6.0pt on input line 20.
 [1


]
File: images/3g.jpg Graphic file (type QTm)
 <use  "images/3g.jpg" >

Package Fancyhdr Warning: \headheight is too small (12.0pt): 
 Make it at least 13.24359pt.
 We now make it that large for the rest of the document.
 This may cause the page layout to be inconsistent, however.

[2]
File: images/4g.jpg Graphic file (type QTm)
 <use  "images/4g.jpg" >
File: images/5g.jpg Graphic file (type QTm)
 <use  "images/5g.jpg" > [3] [4] [5] [6]) [7]
\openout2 = `chap2.aux'.


(./chap2.tex
فصل 2.
File: images/arch.jpg Graphic file (type QTm)
<use  "images/arch.jpg" >

LaTeX Warning: `h' float specifier changed to `ht'.

[8



]
LaTeX Font Info:    Font shape `TU/TimesNewRoman(2)/m/sl' in size <10> not avai
lable
(Font)              Font shape `TU/TimesNewRoman(2)/m/it' tried instead on inpu
t line 30.
 [9] [10] [11]
File: images/bearer1.jpg Graphic file (type QTm)
 <use  "images/bearer1.jpg" >
File: images/bearer2.jpg Graphic file (type QTm)
 <use  "images/bearer2.jpg" >

LaTeX Warning: `h' float specifier changed to `ht'.


Underfull \hbox (badness 10000) in paragraph at lines 88--91
[][]
 []


Underfull \hbox (badness 10000) in paragraph at lines 88--91
[][]
 []

[12]
File: images/asref.jpg Graphic file (type QTm)
 <use  "images/asref.jpg" > [13] [14]
File: images/ifc.jpg Graphic file (type QTm)
 <use  "images/ifc.jpg" > [15]
[16]
File: images/archref.jpg Graphic file (type QTm)
 <use  "images/archref.jpg" >) [17]
\openout2 = `chap3.aux'.

 (./chap3.tex
فصل 3.
.................................................
. fontspec info: "no-scripts"
. 
. Font "Times New Roman" does not contain any OpenType `Script' information.
.................................................
LaTeX Info: Redefining \latinfont on input line 2.
File: images/cost.jpg Graphic file (type QTm)
<use  "images/cost.jpg" >
File: images/cs.jpg Graphic file (type QTm)
 <use  "images/cs.jpg" >

LaTeX Warning: `h' float specifier changed to `ht'.

[18



] [19]
File: images/enabler.jpg Graphic file (type QTm)
 <use  "images/enabler.jpg" > [20] [21]
File: images/accessin.jpg Graphic file (type QTm)
 <use  "images/accessin.jpg" >
[22] [23]
File: images/ptt.jpg Graphic file (type QTm)
 <use  "images/ptt.jpg" > [24]) [25]
\openout2 = `chap4.aux'.

 (./chap4.tex
فصل 4.
.................................................
. fontspec info: "no-scripts"
. 
. Font "Times New Roman" does not contain any OpenType `Script' information.
.................................................
LaTeX Info: Redefining \latinfont on input line 3.
[26



]
File: images/cwarch.jpg Graphic file (type QTm)
 <use  "images/cwarch.jpg" >

LaTeX Warning: `h' float specifier changed to `ht'.

[27] [28] [29]) [30]
\openout2 = `chap5.aux'.

 (./chap5.tex
فصل 5.
.................................................
. fontspec info: "no-scripts"
. 
. Font "Times New Roman" does not contain any OpenType `Script' information.
.................................................
LaTeX Info: Redefining \latinfont on input line 2.
[31



] [32] [33] [34]) [35]
\openout2 = `chap6.aux'.

 (./chap6.tex
فصل 6.
.................................................
. fontspec info: "no-scripts"
. 
. Font "Times New Roman" does not contain any OpenType `Script' information.
.................................................
LaTeX Info: Redefining \latinfont on input line 5.
File: images/importApp.jpg Graphic file (type QTm)
<use  "images/importApp.jpg" > [36



]
File: images/importOVF.jpg Graphic file (type QTm)
 <use  "images/importOVF.jpg" >
Overfull \hbox (1.08774pt too wide) in paragraph at lines 33--34
[]\TU/XBZar(0)/m/n/12 پس از اتمام نصب، یک ماشین مجازی به نام []\TU/TimesNewRoma
n(2)/m/n/12 cw-aio[] \TU/XBZar(0)/m/n/12 به لیست ماشین‌های مجازی نصب‌شده بر روی
 []\TU/TimesNewRoman(2)/m/n/12 Virtualbox[][]
 []

File: images/ellisLogin.jpg Graphic file (type QTm)
<use  "images/ellisLogin.jpg" > [37]
File: images/signup.jpg Graphic file (type QTm)
 <use  "images/signup.jpg" >
File: images/user.jpg Graphic file (type QTm)

<use  "images/user.jpg" > [38] [39]
File: images/zoiper.jpg Graphic file (type QTm)
 <use  "images/zoiper.jpg" > [40]
File: images/cwaiotopo.jpg Graphic file (type QTm)

<use  "images/cwaiotopo.jpg" > [41]
Underfull \hbox (badness 10000) in paragraph at lines 113--119
[][]
 []

[42]
Overfull \hbox (3.3716pt too wide) in paragraph at lines 135--136
[][]\TU/TimesNewRoman(2)/m/n/12 10. rake test[example.com] SIGNUP_ CODE=<code> 
PROXY=<aio-identity> ELLIS=<aio-[]
 []

File: images/test.jpg Graphic file (type QTm)
<use  "images/test.jpg" >) [43]
\openout2 = `chap7.aux'.

 (./chap7.tex
فصل 7.
.................................................
. fontspec info: "no-scripts"
. 
. Font "Times New Roman" does not contain any OpenType `Script' information.
.................................................
LaTeX Info: Redefining \latinfont on input line 2.
[44



] [45]
Overfull \hbox (3.55219pt too wide) in paragraph at lines 29--30
[][]\TU/TimesNewRoman(2)/m/n/12 IP[] \TU/XBZar(0)/m/n/12 های []\TU/TimesNewRoma
n(2)/m/n/12 192.168.1.106[]\TU/XBZar(0)/m/n/12 ، []\TU/TimesNewRoman(2)/m/n/12 
192.168.1.107[] \TU/XBZar(0)/m/n/12 و []\TU/TimesNewRoman(2)/m/n/12 192.168.1.1
04[] \TU/XBZar(0)/m/n/12 را اختصاص داد. []\TU/TimesNewRoman(2)/m/n/12 zoiper[]\
TU/XBZar(0)/m/n/12 ، پیام‌های سیگنالینگ[]
 []

[46]
File: images/sipregister.jpg Graphic file (type QTm)
 <use  "images/sipregister.jpg" > [47]
File: images/imssip.jpg Graphic file (type QTm)
 <use  "images/imssip.jpg" >
File: images/voipsip.jpg Graphic file (type QTm)

<use  "images/voipsip.jpg" >

LaTeX Warning: `h' float specifier changed to `ht'.

File: images/imssiproute.jpg Graphic file (type QTm)
<use  "images/imssiproute.jpg" > [48] [49]) [50]
\openout2 = `chap8.aux'.

 (./chap8.tex
فصل 8.
.................................................
. fontspec info: "no-scripts"
. 
. Font "Times New Roman" does not contain any OpenType `Script' information.
.................................................
LaTeX Info: Redefining \latinfont on input line 2.
[51



] [52]
File: images/oai.jpg Graphic file (type QTm)
 <use  "images/oai.jpg" > [53]
File: images/IMS2VOLTE.jpg Graphic file (type QTm)
 <use  "images/IMS2VOLTE.jpg" >)
[54]
\openout2 = `chap9.aux'.

 (./chap9.tex
فصل 9.
[55



]) [56]
\openout2 = `peyvast1.aux'.

 (./peyvast1.tex
پیوست آ.
.................................................
. fontspec info: "no-scripts"
. 
. Font "Times New Roman" does not contain any OpenType `Script' information.
.................................................
LaTeX Info: Redefining \latinfont on input line 2.
[57



]
File: images/mokutil.jpg Graphic file (type QTm)
 <use  "images/mokutil.jpg" > [58]
File: images/sign1.jpg Graphic file (type QTm)
 <use  "images/sign1.jpg" > [59]
File: images/sign2.jpg Graphic file (type QTm)

<use  "images/sign2.jpg" >
File: images/sign3.jpg Graphic file (type QTm)
 <use  "images/sign3.jpg" >) [60]
\openout2 = `peyvast2.aux'.

 (./peyvast2.tex
پیوست ب.
.................................................
. fontspec info: "no-scripts"
. 
. Font "Times New Roman" does not contain any OpenType `Script' information.
.................................................
LaTeX Info: Redefining \latinfont on input line 3.
[61



] [62]) [63]
\openout2 = `peyvast3.aux'.

 (./peyvast3.tex
پیوست پ.
.................................................
. fontspec info: "no-scripts"
. 
. Font "Times New Roman" does not contain any OpenType `Script' information.
.................................................
LaTeX Info: Redefining \latinfont on input line 3.
[64



]
Overfull \hbox (0.56006pt too wide) in paragraph at lines 19--20
[][]\TU/XBZar(0)/m/n/12 طرّاحی []\TU/TimesNewRoman(2)/m/n/12 SIP trunk[] \TU/XB
Zar(0)/m/n/12 در دو بخش نرم‌افزاری و سخت‌افزاری صورت می‌گیرد. در پروژه‌ی کارشنا
سی دانشجویان[][][][][][][]
 []

[65]
File: images/siptrunk.jpg Graphic file (type QTm)
 <use  "images/siptrunk.jpg" > [66] [67] [68] [69]
Underfull \hbox (badness 10000) in paragraph at lines 151--154
[][]
 []


Underfull \hbox (badness 10000) in paragraph at lines 159--175
[][]
 []

[70]) [71]
\openout2 = `references.aux'.

 (./references.tex
Underfull \hbox (badness 10000) in paragraph at lines 39--40
[][][][]$[][][][][] [] [] [] [][][][][][][][][][] [] [][][][][][][][][][][] [] 
[][] [] [][] [] [][][][][][] [] [][][] [] [][] [] [][][] [] [][][] [] [][][] []
$[][]
 []


Underfull \hbox (badness 10000) in paragraph at lines 42--43
[][][][]$[][][][][] [] [] [] [][][][][][] [] [][][] [] [][][][][][][][][][] [] 
[][][][][][][][][][][][][][][][][][][][][][] [] [][][][] [] [][][][][][] []$[][
]
 []

) [72



]
Package atveryend Info: Empty hook `BeforeClearDocument' on input line 70.
Package atveryend Info: Empty hook `AfterLastShipout' on input line 70.
 (./IMS_Report.aux (./cover_fa.aux) (./abstract_fa.aux) (./chap1.aux)
(./chap2.aux) (./chap3.aux) (./chap4.aux) (./chap5.aux) (./chap6.aux)
(./chap7.aux) (./chap8.aux) (./chap9.aux) (./peyvast1.aux) (./peyvast2.aux)
(./peyvast3.aux) (./references.aux))
Package atveryend Info: Empty hook `AtVeryEndDocument' on input line 70.
Package atveryend Info: Empty hook `AtEndAfterFileList' on input line 70.
Package atveryend Info: Empty hook `AtVeryVeryEnd' on input line 70.
 ) 
Here is how much of TeX's memory you used:
 20676 strings out of 493005
 386445 string characters out of 6134597
 508602 words of memory out of 5000000
 24245 multiletter control sequences out of 15000+600000
 7216 words of font info for 84 fonts, out of 8000000 for 9000
 1348 hyphenation exceptions out of 8191
 43i,13n,68p,10388b,590s stack positions out of 5000i,500n,10000p,200000b,80000s

Output written on IMS_Report.pdf (79 pages).
