This is XeTeX, Version 3.14159265-2.6-0.99992 (TeX Live 2015/Debian) (preloaded format=xelatex 2018.4.12)  29 APR 2018 03:17
entering extended mode
 restricted \write18 enabled.
 %&-line parsing enabled.
**jeld_info.tex
(./jeld_info.tex
LaTeX2e <2016/02/01>
Babel <3.9q> and hyphenation patterns for 81 language(s) loaded.
)
! Emergency stop.
<*> jeld_info.tex
                 
*** (job aborted, no legal \end found)

 
Here is how much of TeX's memory you used:
 20 strings out of 493638
 169 string characters out of 6146796
 53565 words of memory out of 5000000
 3521 multiletter control sequences out of 15000+600000
 3640 words of font info for 14 fonts, out of 8000000 for 9000
 1328 hyphenation exceptions out of 8191
 7i,0n,6p,99b,8s stack positions out of 5000i,500n,10000p,200000b,80000s
No pages of output.
