mktextfm LinLibertine
mktextfm LinLibertine
mktextfm LinLibertine
mktextfm LinLibertine/BI
mktextfm LinLibertine
mktextfm LinLibertine/B
mktextfm LinLibertine
mktextfm LinLibertine/I
mktextfm LinLibertine
mktextfm LinLibertine
mktextfm LinLibertine
mktextfm LinLibertine
mktextfm LinLibertine
mktextfm LinLibertine/BI
mktextfm LinLibertine
mktextfm LinLibertine/B
mktextfm LinLibertine
mktextfm LinLibertine/I
mktextfm LinLibertine
mktextfm LinLibertine
mktextfm LinLibertine
mktextfm LinLibertine
mktextfm LinLibertine
mktextfm LinLibertine
mktextfm LinLibertine/BI
mktextfm LinLibertine
mktextfm LinLibertine/B
mktextfm LinLibertine
mktextfm LinLibertine/I
mktextfm LinLibertine
mktextfm LinLibertine
mktextfm LinLibertine
mktextfm Libertine
mktextfm Libertine
mktextfm Libertine
mktextfm Libertine/BI
mktextfm Libertine
mktextfm Libertine/B
mktextfm Libertine
mktextfm Libertine/I
mktextfm Libertine
mktextfm Libertine
mktextfm Libertine
mktextfm times
mktextfm times
mktextfm times
mktextfm times/BI
mktextfm times
mktextfm times/B
mktextfm times
mktextfm times/I
mktextfm times
mktextfm times
mktextfm times
mktextfm times
mktextfm times
mktextfm times
mktextfm times
mktextfm times
mktextfm times
mktextfm times
mktextfm times
mktextfm times
mktextfm times
mktextfm times
mktextfm times/BI
mktextfm times
mktextfm times/B
mktextfm times
mktextfm times/I
mktextfm times
mktextfm times
mktextfm times
mktextfm times
mktextfm times
mktextfm times
mktextfm times
mktextfm times
mktextfm times
mktextfm times
mktextfm times
